{"level":"info","message":"⌛ Building environment","timeElapsed":1504,"timestamp":"2025-07-01T13:05:35.586Z"}
{"level":"info","message":"⌛ Building environment","timeElapsed":698,"timestamp":"2025-07-01T13:05:36.378Z"}
{"level":"info","message":"⌛ Building environment","timeElapsed":593,"timestamp":"2025-07-01T13:05:36.974Z"}
{"level":"info","message":"⌛ Building environment","timeElapsed":490,"timestamp":"2025-07-01T13:05:37.466Z"}
{"level":"info","message":"⌛ Building environment","timeElapsed":569,"timestamp":"2025-07-01T13:05:40.162Z"}
{"level":"info","message":"⌛ Building environment","timeElapsed":484,"timestamp":"2025-07-01T13:05:40.649Z"}
{"level":"info","message":"⌛ Validating bastion.wlk","timeElapsed":1795,"timestamp":"2025-07-01T13:05:42.447Z"}
{"level":"info","message":"⌛ Building environment","timeElapsed":378,"timestamp":"2025-07-01T13:05:42.828Z"}
{"level":"info","message":"⌛ Building environment","timeElapsed":1033,"timestamp":"2025-07-01T13:05:43.865Z"}
{"level":"info","message":"⌛ Building environment","timeElapsed":723,"timestamp":"2025-07-01T13:05:44.591Z"}
{"level":"info","message":"⌛ Validating menu.wlk","timeElapsed":558,"timestamp":"2025-07-01T13:05:45.150Z"}
{"level":"info","message":"⌛ Building environment","timeElapsed":550,"timestamp":"2025-07-01T13:05:45.701Z"}
{"level":"info","message":"⌛ Building environment","timeElapsed":767,"timestamp":"2025-07-01T13:05:46.498Z"}
{"level":"info","message":"⌛ Validating niveles.wlk","timeElapsed":767,"timestamp":"2025-07-01T13:05:47.266Z"}
{"level":"info","message":"⌛ Building environment","timeElapsed":531,"timestamp":"2025-07-01T13:05:47.799Z"}
{"level":"info","message":"⌛ Building environment","timeElapsed":1156,"timestamp":"2025-07-01T13:05:48.957Z"}
{"level":"info","message":"⌛ Building environment","timeElapsed":668,"timestamp":"2025-07-01T13:05:49.715Z"}
{"level":"info","message":"⌛ Validating personajes.wlk","timeElapsed":2433,"timestamp":"2025-07-01T13:05:52.159Z"}
{"level":"info","message":"⌛ Validating main.wpgm","timeElapsed":400,"timestamp":"2025-07-01T13:05:52.560Z"}
{"level":"info","message":"⌛ Validating mago.wlk","timeElapsed":730,"timestamp":"2025-07-01T13:05:53.312Z"}
{"level":"info","message":"⌛ Validating enemigos.wlk","timeElapsed":453,"timestamp":"2025-07-01T13:05:53.767Z"}
{"level":"info","message":"⌛ Validating arcaneBastion.wlk","timeElapsed":904,"timestamp":"2025-07-01T13:05:54.683Z"}
{"level":"info","message":"⌛ Validating adminProyectiles.wlk","timeElapsed":571,"timestamp":"2025-07-01T13:05:55.255Z"}
{"level":"info","message":"⌛ Validating administradorDeOleadas.wlk","timeElapsed":457,"timestamp":"2025-07-01T13:05:55.744Z"}
{"level":"info","message":"⌛ Validating administradorDeHechizos.wlk","timeElapsed":472,"timestamp":"2025-07-01T13:05:56.217Z"}
{"level":"info","message":"⌛ Validating bastion.wlk","timeElapsed":441,"timestamp":"2025-07-01T13:05:56.668Z"}
{"level":"info","message":"⌛ Validating menu.wlk","timeElapsed":251,"timestamp":"2025-07-01T13:05:56.920Z"}
{"level":"info","message":"⌛ Validating niveles.wlk","timeElapsed":220,"timestamp":"2025-07-01T13:05:57.143Z"}
{"level":"info","message":"⌛ Validating personajes.wlk","timeElapsed":232,"timestamp":"2025-07-01T13:05:57.377Z"}
{"level":"info","message":"⌛ Validating main.wpgm","timeElapsed":230,"timestamp":"2025-07-01T13:05:57.609Z"}
{"level":"info","message":"⌛ Validating mago.wlk","timeElapsed":226,"timestamp":"2025-07-01T13:05:57.838Z"}
{"level":"info","message":"⌛ Validating enemigos.wlk","timeElapsed":226,"timestamp":"2025-07-01T13:05:58.066Z"}
{"level":"info","message":"⌛ Validating arcaneBastion.wlk","timeElapsed":235,"timestamp":"2025-07-01T13:05:58.303Z"}
{"level":"info","message":"⌛ Validating adminProyectiles.wlk","timeElapsed":294,"timestamp":"2025-07-01T13:05:58.601Z"}
{"level":"info","message":"⌛ Validating administradorDeOleadas.wlk","timeElapsed":238,"timestamp":"2025-07-01T13:05:58.841Z"}
{"level":"info","message":"⌛ Validating administradorDeHechizos.wlk","timeElapsed":230,"timestamp":"2025-07-01T13:05:59.072Z"}
{"level":"info","message":"⌛ Validating administradorDeEnemigos.wlk","timeElapsed":329,"timestamp":"2025-07-01T13:05:59.467Z"}
{"level":"info","message":"⌛ Building environment","timeElapsed":503,"timestamp":"2025-07-01T13:05:59.989Z"}
{"level":"info","message":"⌛ Validating niveles.wlk","timeElapsed":672,"timestamp":"2025-07-01T13:06:00.697Z"}
{"level":"info","message":"⌛ Building environment","timeElapsed":400,"timestamp":"2025-07-01T13:06:40.948Z"}
{"level":"info","message":"⌛ Validating mago.wlk","timeElapsed":372,"timestamp":"2025-07-01T13:06:41.435Z"}
{"level":"info","message":"⌛ Building environment","timeElapsed":526,"timestamp":"2025-07-01T13:06:41.963Z"}
{"level":"info","message":"⌛ Autocomplete - Class","timeElapsed":109,"timestamp":"2025-07-01T13:06:42.091Z"}
{"level":"info","message":"⌛ Building environment","timeElapsed":291,"timestamp":"2025-07-01T13:06:42.384Z"}
{"level":"info","message":"⌛ Building environment","timeElapsed":666,"timestamp":"2025-07-01T13:06:43.085Z"}
{"level":"info","message":"⌛ Building environment","timeElapsed":312,"timestamp":"2025-07-01T13:06:43.400Z"}
{"level":"info","message":"⌛ Building environment","timeElapsed":267,"timestamp":"2025-07-01T13:06:43.683Z"}
{"level":"info","message":"⌛ Validating mago.wlk","timeElapsed":405,"timestamp":"2025-07-01T13:06:44.090Z"}
{"level":"error","message":"✘ Failed to rebuild document Failed to parse mago.wlk: \n-- PARSING FAILED --------------------------------------------------\n\n  16 |   }\n  17 |   method\n> 18 | }\n     | ^\n  19 | \n  20 | class Hechizo inherits CosaAnimada{\n\nExpected one of the following: \n\n'!=', '!==', '%', '&&', '*', '**', '+', '-', '->', '..', '..<', '/', '<', '<<', '<<<', '<=', '<=>', '<>', '==', '===', '>', '>..', '>=', '>>', '>>>', '?:', 'and', 'invert', 'negate', 'or', 'plus', '||', identifier, whitespace\n","stack":"Error: Failed to parse mago.wlk: \n-- PARSING FAILED --------------------------------------------------\n\n  16 |   }\n  17 |   method\n> 18 | }\n     | ^\n  19 | \n  20 | class Hechizo inherits CosaAnimada{\n\nExpected one of the following: \n\n'!=', '!==', '%', '&&', '*', '**', '+', '-', '->', '..', '..<', '/', '<', '<<', '<<<', '<=', '<=>', '<>', '==', '===', '>', '>..', '>=', '>>', '>>>', '?:', 'and', 'invert', 'negate', 'or', 'plus', '||', identifier, whitespace\n\n    at c:\\Users\\estudiante\\.vscode\\extensions\\uqbar.wollok-lsp-ide-0.5.2\\out\\server\\src\\server.js:2326:13026\n    at Array.map (<anonymous>)\n    at D1n (c:\\Users\\estudiante\\.vscode\\extensions\\uqbar.wollok-lsp-ide-0.5.2\\out\\server\\src\\server.js:2326:12950)\n    at W2.buildEnvironmentFrom (c:\\Users\\estudiante\\.vscode\\extensions\\uqbar.wollok-lsp-ide-0.5.2\\out\\server\\src\\server.js:2371:5254)\n    at W2.updateEnvironmentWith (c:\\Users\\estudiante\\.vscode\\extensions\\uqbar.wollok-lsp-ide-0.5.2\\out\\server\\src\\server.js:2371:4989)\n    at GF (c:\\Users\\estudiante\\.vscode\\extensions\\uqbar.wollok-lsp-ide-0.5.2\\out\\server\\src\\server.js:2371:7383)\n    at L3.invoke (c:\\Users\\estudiante\\.vscode\\extensions\\uqbar.wollok-lsp-ide-0.5.2\\out\\server\\src\\server.js:3:157326)\n    at o.fire (c:\\Users\\estudiante\\.vscode\\extensions\\uqbar.wollok-lsp-ide-0.5.2\\out\\server\\src\\server.js:3:158096)\n    at c:\\Users\\estudiante\\.vscode\\extensions\\uqbar.wollok-lsp-ide-0.5.2\\out\\server\\src\\server.js:37:57871\n    at Kr (c:\\Users\\estudiante\\.vscode\\extensions\\uqbar.wollok-lsp-ide-0.5.2\\out\\server\\src\\server.js:8:1561)","timestamp":"2025-07-01T13:06:44.150Z"}
{"level":"info","message":"⌛ Validating mago.wlk","timeElapsed":413,"timestamp":"2025-07-01T13:06:44.565Z"}
{"level":"info","message":"⌛ Validating mago.wlk","timeElapsed":345,"timestamp":"2025-07-01T13:06:44.933Z"}
{"level":"info","message":"⌛ Validating mago.wlk","timeElapsed":411,"timestamp":"2025-07-01T13:06:45.345Z"}
{"level":"info","message":"⌛ Validating mago.wlk","timeElapsed":282,"timestamp":"2025-07-01T13:06:45.627Z"}
{"level":"error","message":"✘ Failed to rebuild document Failed to parse mago.wlk: \n-- PARSING FAILED --------------------------------------------------\n\n  16 |   }\n  17 |   method \n> 18 | }\n     | ^\n  19 | \n  20 | class Hechizo inherits CosaAnimada{\n\nExpected one of the following: \n\n'!=', '!==', '%', '&&', '*', '**', '+', '-', '->', '..', '..<', '/', '<', '<<', '<<<', '<=', '<=>', '<>', '==', '===', '>', '>..', '>=', '>>', '>>>', '?:', 'and', 'invert', 'negate', 'or', 'plus', '||', identifier, whitespace\n","stack":"Error: Failed to parse mago.wlk: \n-- PARSING FAILED --------------------------------------------------\n\n  16 |   }\n  17 |   method \n> 18 | }\n     | ^\n  19 | \n  20 | class Hechizo inherits CosaAnimada{\n\nExpected one of the following: \n\n'!=', '!==', '%', '&&', '*', '**', '+', '-', '->', '..', '..<', '/', '<', '<<', '<<<', '<=', '<=>', '<>', '==', '===', '>', '>..', '>=', '>>', '>>>', '?:', 'and', 'invert', 'negate', 'or', 'plus', '||', identifier, whitespace\n\n    at c:\\Users\\estudiante\\.vscode\\extensions\\uqbar.wollok-lsp-ide-0.5.2\\out\\server\\src\\server.js:2326:13026\n    at Array.map (<anonymous>)\n    at D1n (c:\\Users\\estudiante\\.vscode\\extensions\\uqbar.wollok-lsp-ide-0.5.2\\out\\server\\src\\server.js:2326:12950)\n    at W2.buildEnvironmentFrom (c:\\Users\\estudiante\\.vscode\\extensions\\uqbar.wollok-lsp-ide-0.5.2\\out\\server\\src\\server.js:2371:5254)\n    at W2.updateEnvironmentWith (c:\\Users\\estudiante\\.vscode\\extensions\\uqbar.wollok-lsp-ide-0.5.2\\out\\server\\src\\server.js:2371:4989)\n    at GF (c:\\Users\\estudiante\\.vscode\\extensions\\uqbar.wollok-lsp-ide-0.5.2\\out\\server\\src\\server.js:2371:7383)\n    at L3.invoke (c:\\Users\\estudiante\\.vscode\\extensions\\uqbar.wollok-lsp-ide-0.5.2\\out\\server\\src\\server.js:3:157326)\n    at o.fire (c:\\Users\\estudiante\\.vscode\\extensions\\uqbar.wollok-lsp-ide-0.5.2\\out\\server\\src\\server.js:3:158096)\n    at c:\\Users\\estudiante\\.vscode\\extensions\\uqbar.wollok-lsp-ide-0.5.2\\out\\server\\src\\server.js:37:57871\n    at Kr (c:\\Users\\estudiante\\.vscode\\extensions\\uqbar.wollok-lsp-ide-0.5.2\\out\\server\\src\\server.js:8:1561)","timestamp":"2025-07-01T13:06:45.654Z"}
{"level":"info","message":"⌛ Building environment","timeElapsed":183,"timestamp":"2025-07-01T13:06:45.844Z"}
{"level":"info","message":"⌛ Validating mago.wlk","timeElapsed":205,"timestamp":"2025-07-01T13:06:46.110Z"}
{"level":"info","message":"⌛ Building environment","timeElapsed":489,"timestamp":"2025-07-01T13:06:46.866Z"}
{"level":"info","message":"⌛ Validating mago.wlk","timeElapsed":271,"timestamp":"2025-07-01T13:06:47.213Z"}
{"level":"info","message":"⌛ Building environment","timeElapsed":436,"timestamp":"2025-07-01T13:06:57.547Z"}
{"level":"info","message":"⌛ Building environment","timeElapsed":289,"timestamp":"2025-07-01T13:06:57.865Z"}
{"level":"info","message":"⌛ Validating mago.wlk","timeElapsed":432,"timestamp":"2025-07-01T13:06:58.316Z"}
{"level":"info","message":"⌛ Building environment","timeElapsed":298,"timestamp":"2025-07-01T13:06:58.629Z"}
{"level":"info","message":"⌛ Validating mago.wlk","timeElapsed":373,"timestamp":"2025-07-01T13:06:59.005Z"}
{"level":"info","message":"⌛ Building environment","timeElapsed":265,"timestamp":"2025-07-01T13:06:59.314Z"}
{"level":"info","message":"⌛ Building environment","timeElapsed":306,"timestamp":"2025-07-01T13:06:59.712Z"}
{"level":"info","message":"⌛ Validating mago.wlk","timeElapsed":370,"timestamp":"2025-07-01T13:07:00.152Z"}
{"level":"info","message":"⌛ Building environment","timeElapsed":189,"timestamp":"2025-07-01T13:07:00.345Z"}
{"level":"info","message":"⌛ Validating mago.wlk","timeElapsed":263,"timestamp":"2025-07-01T13:07:00.636Z"}
{"level":"info","message":"⌛ Validating mago.wlk","timeElapsed":537,"timestamp":"2025-07-01T13:07:01.190Z"}
{"level":"info","message":"⌛ Validating mago.wlk","timeElapsed":323,"timestamp":"2025-07-01T13:07:01.514Z"}
{"level":"info","message":"⌛ Building environment","timeElapsed":256,"timestamp":"2025-07-01T13:07:01.813Z"}
{"level":"info","message":"⌛ Validating mago.wlk","timeElapsed":739,"timestamp":"2025-07-01T13:07:02.570Z"}
{"level":"info","message":"⌛ Building environment","timeElapsed":1320,"timestamp":"2025-07-01T13:07:04.003Z"}
{"level":"info","message":"⌛ Validating mago.wlk","timeElapsed":563,"timestamp":"2025-07-01T13:07:04.773Z"}
{"level":"info","message":"⌛ Building environment","timeElapsed":191,"timestamp":"2025-07-01T13:07:05.079Z"}
{"level":"info","message":"⌛ Validating mago.wlk","timeElapsed":745,"timestamp":"2025-07-01T13:07:05.922Z"}
{"level":"info","message":"⌛ Building environment","timeElapsed":300,"timestamp":"2025-07-01T13:07:08.067Z"}
{"level":"info","message":"⌛ Validating mago.wlk","timeElapsed":325,"timestamp":"2025-07-01T13:07:08.439Z"}
{"level":"info","message":"⌛ Building environment","timeElapsed":238,"timestamp":"2025-07-01T13:07:09.248Z"}
{"level":"info","message":"⌛ Validating mago.wlk","timeElapsed":299,"timestamp":"2025-07-01T13:07:09.548Z"}
{"level":"info","message":"⌛ Building environment","timeElapsed":692,"timestamp":"2025-07-01T13:07:54.920Z"}
{"level":"info","message":"⌛ Validating arcaneBastion.wlk","timeElapsed":1309,"timestamp":"2025-07-01T13:07:56.256Z"}
{"level":"info","message":"⌛ Building environment","timeElapsed":942,"timestamp":"2025-07-01T13:09:30.883Z"}
{"level":"info","message":"⌛ Building environment","timeElapsed":1140,"timestamp":"2025-07-01T13:09:32.309Z"}
{"level":"info","message":"⌛ Autocomplete - Reference","timeElapsed":147,"timestamp":"2025-07-01T13:09:32.559Z"}
{"level":"info","message":"⌛ Validating niveles.wlk","timeElapsed":2233,"timestamp":"2025-07-01T13:09:34.793Z"}
{"level":"info","message":"⌛ Building environment","timeElapsed":1045,"timestamp":"2025-07-01T13:09:35.849Z"}
{"level":"info","message":"⌛ Building environment","timeElapsed":496,"timestamp":"2025-07-01T13:09:36.388Z"}
{"level":"info","message":"⌛ Validating niveles.wlk","timeElapsed":1366,"timestamp":"2025-07-01T13:09:37.938Z"}
{"level":"info","message":"⌛ Validating niveles.wlk","timeElapsed":675,"timestamp":"2025-07-01T13:09:38.700Z"}
{"level":"info","message":"⌛ Validating niveles.wlk","timeElapsed":469,"timestamp":"2025-07-01T13:09:39.242Z"}
{"level":"info","message":"⌛ Building environment","timeElapsed":568,"timestamp":"2025-07-01T13:09:39.990Z"}
{"level":"info","message":"⌛ Validating niveles.wlk","timeElapsed":440,"timestamp":"2025-07-01T13:09:40.613Z"}
{"level":"info","message":"⌛ Building environment","timeElapsed":667,"timestamp":"2025-07-01T13:09:41.736Z"}
{"level":"info","message":"⌛ Validating niveles.wlk","timeElapsed":641,"timestamp":"2025-07-01T13:09:42.390Z"}
{"level":"info","message":"⌛ Building environment","timeElapsed":1791,"timestamp":"2025-07-01T13:09:44.589Z"}
{"level":"info","message":"⌛ Validating niveles.wlk","timeElapsed":965,"timestamp":"2025-07-01T13:09:45.809Z"}
{"level":"info","message":"⌛ Building environment","timeElapsed":273,"timestamp":"2025-07-01T13:09:51.908Z"}
{"level":"info","message":"⌛ Validating niveles.wlk","timeElapsed":331,"timestamp":"2025-07-01T13:09:52.271Z"}
{"level":"info","message":"⌛ Building environment","timeElapsed":397,"timestamp":"2025-07-01T13:09:55.182Z"}
{"level":"info","message":"⌛ Validating administradorDeEnemigos.wlk","timeElapsed":699,"timestamp":"2025-07-01T13:09:55.932Z"}
{"error":["wollok.lang.EvaluationError: RangeError: Visual is already in the game! You cannot add duplicate elements","  at arcaneBastion.arcaneBastion.iniciar() [arcaneBastion.wlk:18]\r","  at main.ArcaneBastion [main.wpgm:11]"],"level":"info","message":"🚀 Program executed \u001b[3m\u001b[34mmain.ArcaneBastion\u001b[39m\u001b[23m on \u001b[3m\u001b[34mc:\\Users\\estudiante\\FINAL4\u001b[39m\u001b[23m","ok":false,"timeElapsed":5140,"timestamp":"2025-07-01T13:10:18.883Z"}
{"level":"info","message":"⌛ Building environment","timeElapsed":334,"timestamp":"2025-07-01T13:10:44.337Z"}
{"level":"info","message":"⌛ Validating main.wpgm","timeElapsed":820,"timestamp":"2025-07-01T13:10:45.173Z"}
{"level":"info","message":"🚀 Program executed \u001b[3m\u001b[34mmain.ArcaneBastion\u001b[39m\u001b[23m on \u001b[3m\u001b[34mc:\\Users\\estudiante\\FINAL4\u001b[39m\u001b[23m","ok":true,"timeElapsed":2024,"timestamp":"2025-07-01T13:11:02.543Z"}
{"level":"info","message":"⌛ Building environment","timeElapsed":600,"timestamp":"2025-07-01T13:13:12.317Z"}
{"level":"info","message":"⌛ Building environment","timeElapsed":1216,"timestamp":"2025-07-01T13:13:13.802Z"}
{"level":"info","message":"⌛ Building environment","timeElapsed":1204,"timestamp":"2025-07-01T13:13:15.119Z"}
{"level":"info","message":"⌛ Validating niveles.wlk","timeElapsed":803,"timestamp":"2025-07-01T13:13:16.370Z"}
{"level":"info","message":"⌛ Building environment","timeElapsed":363,"timestamp":"2025-07-01T13:13:16.735Z"}
{"level":"info","message":"⌛ Building environment","timeElapsed":471,"timestamp":"2025-07-01T13:13:17.712Z"}
{"level":"info","message":"⌛ Building environment","timeElapsed":1165,"timestamp":"2025-07-01T13:13:19.026Z"}
{"level":"error","message":"✘ Completions for node Send ([47:8, 47:21] - niveles.wlk) failed: Error: [Send]{49a8b6} at niveles.wlk:47 exhausted all cases without a match [Send]{49a8b6} at niveles.wlk:47 exhausted all cases without a match","stack":"Error: [Send]{49a8b6} at niveles.wlk:47 exhausted all cases without a match\n    at c:\\Users\\estudiante\\.vscode\\extensions\\uqbar.wollok-lsp-ide-0.5.2\\out\\server\\src\\server.js:38:6142\n    at C2 (c:\\Users\\estudiante\\.vscode\\extensions\\uqbar.wollok-lsp-ide-0.5.2\\out\\server\\src\\server.js:2362:42)\n    at c:\\Users\\estudiante\\.vscode\\extensions\\uqbar.wollok-lsp-ide-0.5.2\\out\\server\\src\\server.js:2362:2988\n    at c:\\Users\\estudiante\\.vscode\\extensions\\uqbar.wollok-lsp-ide-0.5.2\\out\\server\\src\\server.js:2371:8440\n    at c:\\Users\\estudiante\\.vscode\\extensions\\uqbar.wollok-lsp-ide-0.5.2\\out\\server\\src\\server.js:37:74872\n    at Ye (c:\\Users\\estudiante\\.vscode\\extensions\\uqbar.wollok-lsp-ide-0.5.2\\out\\server\\src\\server.js:7:8527)\n    at Dt (c:\\Users\\estudiante\\.vscode\\extensions\\uqbar.wollok-lsp-ide-0.5.2\\out\\server\\src\\server.js:7:6189)\n    at Zi (c:\\Users\\estudiante\\.vscode\\extensions\\uqbar.wollok-lsp-ide-0.5.2\\out\\server\\src\\server.js:7:6378)\n    at Immediate._onImmediate (c:\\Users\\estudiante\\.vscode\\extensions\\uqbar.wollok-lsp-ide-0.5.2\\out\\server\\src\\server.js:7:6142)\n    at process.processImmediate (node:internal/timers:485:21)","timestamp":"2025-07-01T13:13:19.242Z"}
{"level":"error","message":"✘ Completions for node Send ([47:8, 47:66] - niveles.wlk) failed: Error: [Send]{4947ca} at niveles.wlk:47 exhausted all cases without a match [Send]{4947ca} at niveles.wlk:47 exhausted all cases without a match","stack":"Error: [Send]{4947ca} at niveles.wlk:47 exhausted all cases without a match\n    at c:\\Users\\estudiante\\.vscode\\extensions\\uqbar.wollok-lsp-ide-0.5.2\\out\\server\\src\\server.js:38:6142\n    at C2 (c:\\Users\\estudiante\\.vscode\\extensions\\uqbar.wollok-lsp-ide-0.5.2\\out\\server\\src\\server.js:2362:42)\n    at Gh (c:\\Users\\estudiante\\.vscode\\extensions\\uqbar.wollok-lsp-ide-0.5.2\\out\\server\\src\\server.js:2362:1092)\n    at C2 (c:\\Users\\estudiante\\.vscode\\extensions\\uqbar.wollok-lsp-ide-0.5.2\\out\\server\\src\\server.js:2362:544)\n    at c:\\Users\\estudiante\\.vscode\\extensions\\uqbar.wollok-lsp-ide-0.5.2\\out\\server\\src\\server.js:2362:2988\n    at c:\\Users\\estudiante\\.vscode\\extensions\\uqbar.wollok-lsp-ide-0.5.2\\out\\server\\src\\server.js:2371:8440\n    at c:\\Users\\estudiante\\.vscode\\extensions\\uqbar.wollok-lsp-ide-0.5.2\\out\\server\\src\\server.js:37:74872\n    at Ye (c:\\Users\\estudiante\\.vscode\\extensions\\uqbar.wollok-lsp-ide-0.5.2\\out\\server\\src\\server.js:7:8527)\n    at Dt (c:\\Users\\estudiante\\.vscode\\extensions\\uqbar.wollok-lsp-ide-0.5.2\\out\\server\\src\\server.js:7:6189)\n    at Zi (c:\\Users\\estudiante\\.vscode\\extensions\\uqbar.wollok-lsp-ide-0.5.2\\out\\server\\src\\server.js:7:6378)","timestamp":"2025-07-01T13:13:19.272Z"}
{"level":"info","message":"⌛ Building environment","timeElapsed":401,"timestamp":"2025-07-01T13:13:19.707Z"}
{"level":"info","message":"⌛ Building environment","timeElapsed":449,"timestamp":"2025-07-01T13:13:20.257Z"}
{"level":"info","message":"⌛ Validating niveles.wlk","timeElapsed":614,"timestamp":"2025-07-01T13:13:20.874Z"}
{"level":"info","message":"⌛ Building environment","timeElapsed":787,"timestamp":"2025-07-01T13:13:21.907Z"}
{"level":"info","message":"⌛ Building environment","timeElapsed":297,"timestamp":"2025-07-01T13:13:22.205Z"}
{"level":"info","message":"⌛ Validating niveles.wlk","timeElapsed":387,"timestamp":"2025-07-01T13:13:22.638Z"}
{"level":"info","message":"⌛ Validating niveles.wlk","timeElapsed":346,"timestamp":"2025-07-01T13:13:23.009Z"}
{"level":"info","message":"⌛ Validating niveles.wlk","timeElapsed":431,"timestamp":"2025-07-01T13:13:23.440Z"}
{"level":"info","message":"⌛ Validating niveles.wlk","timeElapsed":496,"timestamp":"2025-07-01T13:13:23.941Z"}
{"level":"info","message":"⌛ Validating niveles.wlk","timeElapsed":460,"timestamp":"2025-07-01T13:13:24.405Z"}
{"level":"info","message":"⌛ Validating niveles.wlk","timeElapsed":543,"timestamp":"2025-07-01T13:13:24.951Z"}
{"level":"info","message":"⌛ Validating niveles.wlk","timeElapsed":708,"timestamp":"2025-07-01T13:13:25.723Z"}
{"exitCode":"SIGHUP","level":"info","message":"👾 Game executed main.ArcaneBastion on c:\\Users\\estudiante\\FINAL4","timeElapsed":145743,"timestamp":"2025-07-01T13:13:26.271Z"}
{"level":"info","message":"⌛ Validating niveles.wlk","timeElapsed":820,"timestamp":"2025-07-01T13:13:26.575Z"}
{"level":"info","message":"🚀 Program executed \u001b[3m\u001b[34mmain.ArcaneBastion\u001b[39m\u001b[23m on \u001b[3m\u001b[34mc:\\Users\\estudiante\\FINAL4\u001b[39m\u001b[23m","ok":true,"timeElapsed":1991,"timestamp":"2025-07-01T13:13:40.188Z"}
{"level":"info","message":"⌛ Building environment","timeElapsed":939,"timestamp":"2025-07-01T13:14:34.506Z"}
{"level":"info","message":"⌛ Validating main.wpgm","timeElapsed":1321,"timestamp":"2025-07-01T13:14:36.042Z"}
{"level":"info","message":"⌛ Building environment","timeElapsed":636,"timestamp":"2025-07-01T13:14:57.238Z"}
{"level":"info","message":"⌛ Building environment","timeElapsed":1083,"timestamp":"2025-07-01T13:14:58.457Z"}
{"level":"info","message":"⌛ Building environment","timeElapsed":1797,"timestamp":"2025-07-01T13:15:01.519Z"}
{"level":"info","message":"⌛ Validating niveles.wlk","timeElapsed":1844,"timestamp":"2025-07-01T13:15:03.521Z"}
{"level":"info","message":"⌛ Building environment","timeElapsed":862,"timestamp":"2025-07-01T13:15:04.415Z"}
{"level":"info","message":"⌛ Building environment","timeElapsed":925,"timestamp":"2025-07-01T13:15:05.449Z"}
{"level":"info","message":"⌛ Validating niveles.wlk","timeElapsed":5213,"timestamp":"2025-07-01T13:15:10.822Z"}
{"level":"info","message":"⌛ Building environment","timeElapsed":2192,"timestamp":"2025-07-01T13:15:13.015Z"}
{"exitCode":"SIGHUP","level":"info","message":"👾 Game executed main.ArcaneBastion on c:\\Users\\estudiante\\FINAL4","timeElapsed":94858,"timestamp":"2025-07-01T13:15:13.112Z"}
{"level":"error","message":"✘ Completions for node Send ([47:8, 47:21] - niveles.wlk) failed: Error: [Send]{d9a38f} at niveles.wlk:47 exhausted all cases without a match [Send]{d9a38f} at niveles.wlk:47 exhausted all cases without a match","stack":"Error: [Send]{d9a38f} at niveles.wlk:47 exhausted all cases without a match\n    at c:\\Users\\estudiante\\.vscode\\extensions\\uqbar.wollok-lsp-ide-0.5.2\\out\\server\\src\\server.js:38:6142\n    at C2 (c:\\Users\\estudiante\\.vscode\\extensions\\uqbar.wollok-lsp-ide-0.5.2\\out\\server\\src\\server.js:2362:42)\n    at c:\\Users\\estudiante\\.vscode\\extensions\\uqbar.wollok-lsp-ide-0.5.2\\out\\server\\src\\server.js:2362:2988\n    at c:\\Users\\estudiante\\.vscode\\extensions\\uqbar.wollok-lsp-ide-0.5.2\\out\\server\\src\\server.js:2371:8440\n    at c:\\Users\\estudiante\\.vscode\\extensions\\uqbar.wollok-lsp-ide-0.5.2\\out\\server\\src\\server.js:37:74872\n    at Ye (c:\\Users\\estudiante\\.vscode\\extensions\\uqbar.wollok-lsp-ide-0.5.2\\out\\server\\src\\server.js:7:8527)\n    at Dt (c:\\Users\\estudiante\\.vscode\\extensions\\uqbar.wollok-lsp-ide-0.5.2\\out\\server\\src\\server.js:7:6189)\n    at Zi (c:\\Users\\estudiante\\.vscode\\extensions\\uqbar.wollok-lsp-ide-0.5.2\\out\\server\\src\\server.js:7:6378)\n    at Immediate._onImmediate (c:\\Users\\estudiante\\.vscode\\extensions\\uqbar.wollok-lsp-ide-0.5.2\\out\\server\\src\\server.js:7:6142)\n    at process.processImmediate (node:internal/timers:485:21)","timestamp":"2025-07-01T13:15:13.987Z"}
{"level":"error","message":"✘ Completions for node Send ([47:8, 47:66] - niveles.wlk) failed: Error: [Send]{b7524f} at niveles.wlk:47 exhausted all cases without a match [Send]{b7524f} at niveles.wlk:47 exhausted all cases without a match","stack":"Error: [Send]{b7524f} at niveles.wlk:47 exhausted all cases without a match\n    at c:\\Users\\estudiante\\.vscode\\extensions\\uqbar.wollok-lsp-ide-0.5.2\\out\\server\\src\\server.js:38:6142\n    at C2 (c:\\Users\\estudiante\\.vscode\\extensions\\uqbar.wollok-lsp-ide-0.5.2\\out\\server\\src\\server.js:2362:42)\n    at Gh (c:\\Users\\estudiante\\.vscode\\extensions\\uqbar.wollok-lsp-ide-0.5.2\\out\\server\\src\\server.js:2362:1092)\n    at C2 (c:\\Users\\estudiante\\.vscode\\extensions\\uqbar.wollok-lsp-ide-0.5.2\\out\\server\\src\\server.js:2362:544)\n    at c:\\Users\\estudiante\\.vscode\\extensions\\uqbar.wollok-lsp-ide-0.5.2\\out\\server\\src\\server.js:2362:2988\n    at c:\\Users\\estudiante\\.vscode\\extensions\\uqbar.wollok-lsp-ide-0.5.2\\out\\server\\src\\server.js:2371:8440\n    at c:\\Users\\estudiante\\.vscode\\extensions\\uqbar.wollok-lsp-ide-0.5.2\\out\\server\\src\\server.js:37:74872\n    at Ye (c:\\Users\\estudiante\\.vscode\\extensions\\uqbar.wollok-lsp-ide-0.5.2\\out\\server\\src\\server.js:7:8527)\n    at Dt (c:\\Users\\estudiante\\.vscode\\extensions\\uqbar.wollok-lsp-ide-0.5.2\\out\\server\\src\\server.js:7:6189)\n    at Zi (c:\\Users\\estudiante\\.vscode\\extensions\\uqbar.wollok-lsp-ide-0.5.2\\out\\server\\src\\server.js:7:6378)","timestamp":"2025-07-01T13:15:13.988Z"}
{"level":"info","message":"⌛ Autocomplete - Send","timeElapsed":832,"timestamp":"2025-07-01T13:15:14.069Z"}
{"level":"info","message":"⌛ Validating niveles.wlk","timeElapsed":3767,"timestamp":"2025-07-01T13:15:17.866Z"}
{"level":"info","message":"⌛ Validating niveles.wlk","timeElapsed":1446,"timestamp":"2025-07-01T13:15:19.387Z"}
{"level":"info","message":"⌛ Validating niveles.wlk","timeElapsed":1472,"timestamp":"2025-07-01T13:15:20.869Z"}
{"level":"info","message":"⌛ Validating niveles.wlk","timeElapsed":544,"timestamp":"2025-07-01T13:15:21.466Z"}
{"level":"info","message":"⌛ Building environment","timeElapsed":2722,"timestamp":"2025-07-01T13:16:41.984Z"}
{"level":"info","message":"⌛ Autocomplete - Package","timeElapsed":135,"timestamp":"2025-07-01T13:16:42.334Z"}
{"level":"info","message":"⌛ Building environment","timeElapsed":411,"timestamp":"2025-07-01T13:16:43.031Z"}
{"level":"info","message":"⌛ Validating main.wpgm","timeElapsed":1829,"timestamp":"2025-07-01T13:16:45.260Z"}
{"level":"info","message":"⌛ Validating main.wpgm","timeElapsed":618,"timestamp":"2025-07-01T13:16:45.881Z"}
{"level":"info","message":"🚀 Program executed \u001b[3m\u001b[34mmain.ArcaneBastion\u001b[39m\u001b[23m on \u001b[3m\u001b[34mc:\\Users\\estudiante\\FINAL4\u001b[39m\u001b[23m","ok":true,"timeElapsed":2669,"timestamp":"2025-07-01T13:16:48.808Z"}
{"level":"info","message":"⌛ Building environment","timeElapsed":722,"timestamp":"2025-07-01T13:22:55.821Z"}
{"level":"info","message":"⌛ Validating administradorDeHechizos.wlk","timeElapsed":957,"timestamp":"2025-07-01T13:22:57.101Z"}
{"level":"info","message":"⌛ Building environment","timeElapsed":242,"timestamp":"2025-07-01T13:23:09.551Z"}
{"level":"info","message":"⌛ Validating adminProyectiles.wlk","timeElapsed":664,"timestamp":"2025-07-01T13:23:10.286Z"}
{"level":"info","message":"⌛ Building environment","timeElapsed":616,"timestamp":"2025-07-01T13:23:44.208Z"}
{"level":"info","message":"⌛ Building environment","timeElapsed":420,"timestamp":"2025-07-01T13:23:44.693Z"}
{"level":"info","message":"⌛ Building environment","timeElapsed":513,"timestamp":"2025-07-01T13:23:45.276Z"}
{"level":"info","message":"⌛ Validating niveles.wlk","timeElapsed":442,"timestamp":"2025-07-01T13:23:45.744Z"}
{"level":"info","message":"⌛ Building environment","timeElapsed":291,"timestamp":"2025-07-01T13:23:46.064Z"}
{"level":"info","message":"⌛ Building environment","timeElapsed":816,"timestamp":"2025-07-01T13:23:46.948Z"}
{"level":"info","message":"⌛ Validating niveles.wlk","timeElapsed":1145,"timestamp":"2025-07-01T13:23:48.097Z"}
{"level":"info","message":"⌛ Validating niveles.wlk","timeElapsed":891,"timestamp":"2025-07-01T13:23:49.645Z"}
{"level":"info","message":"⌛ Building environment","timeElapsed":513,"timestamp":"2025-07-01T13:23:50.162Z"}
{"level":"info","message":"⌛ Building environment","timeElapsed":295,"timestamp":"2025-07-01T13:23:50.493Z"}
{"level":"info","message":"⌛ Validating niveles.wlk","timeElapsed":565,"timestamp":"2025-07-01T13:23:51.062Z"}
{"level":"info","message":"⌛ Building environment","timeElapsed":512,"timestamp":"2025-07-01T13:23:51.804Z"}
{"level":"info","message":"⌛ Building environment","timeElapsed":925,"timestamp":"2025-07-01T13:23:52.731Z"}
{"level":"info","message":"⌛ Building environment","timeElapsed":926,"timestamp":"2025-07-01T13:23:53.686Z"}
{"level":"info","message":"⌛ Building environment","timeElapsed":2163,"timestamp":"2025-07-01T13:23:55.870Z"}
{"level":"info","message":"⌛ Building environment","timeElapsed":1715,"timestamp":"2025-07-01T13:23:57.791Z"}
{"level":"info","message":"⌛ Building environment","timeElapsed":1350,"timestamp":"2025-07-01T13:23:59.143Z"}
{"level":"info","message":"⌛ Validating niveles.wlk","timeElapsed":1643,"timestamp":"2025-07-01T13:24:00.805Z"}
{"level":"info","message":"⌛ Building environment","timeElapsed":499,"timestamp":"2025-07-01T13:24:01.423Z"}
{"level":"info","message":"⌛ Building environment","timeElapsed":348,"timestamp":"2025-07-01T13:24:01.836Z"}
{"level":"info","message":"⌛ Building environment","timeElapsed":619,"timestamp":"2025-07-01T13:24:02.508Z"}
{"level":"info","message":"⌛ Building environment","timeElapsed":266,"timestamp":"2025-07-01T13:24:02.811Z"}
{"level":"info","message":"⌛ Building environment","timeElapsed":1448,"timestamp":"2025-07-01T13:24:04.389Z"}
{"level":"info","message":"⌛ Building environment","timeElapsed":464,"timestamp":"2025-07-01T13:24:04.863Z"}
{"level":"info","message":"⌛ Validating niveles.wlk","timeElapsed":575,"timestamp":"2025-07-01T13:24:05.562Z"}
{"level":"info","message":"⌛ Validating niveles.wlk","timeElapsed":500,"timestamp":"2025-07-01T13:24:06.076Z"}
{"level":"info","message":"⌛ Building environment","timeElapsed":284,"timestamp":"2025-07-01T13:24:06.379Z"}
{"level":"info","message":"⌛ Validating niveles.wlk","timeElapsed":483,"timestamp":"2025-07-01T13:24:06.877Z"}
{"level":"info","message":"⌛ Building environment","timeElapsed":666,"timestamp":"2025-07-01T13:24:07.574Z"}
{"level":"info","message":"⌛ Building environment","timeElapsed":303,"timestamp":"2025-07-01T13:24:07.906Z"}
{"level":"info","message":"⌛ Building environment","timeElapsed":279,"timestamp":"2025-07-01T13:24:08.269Z"}
{"level":"info","message":"⌛ Validating niveles.wlk","timeElapsed":1191,"timestamp":"2025-07-01T13:24:09.629Z"}
{"level":"info","message":"⌛ Building environment","timeElapsed":322,"timestamp":"2025-07-01T13:24:09.979Z"}
{"level":"info","message":"⌛ Building environment","timeElapsed":356,"timestamp":"2025-07-01T13:24:10.546Z"}
{"level":"info","message":"⌛ Building environment","timeElapsed":515,"timestamp":"2025-07-01T13:24:11.073Z"}
{"level":"info","message":"⌛ Validating niveles.wlk","timeElapsed":349,"timestamp":"2025-07-01T13:24:11.829Z"}
{"level":"info","message":"⌛ Validating niveles.wlk","timeElapsed":444,"timestamp":"2025-07-01T13:24:12.275Z"}
{"level":"info","message":"⌛ Validating niveles.wlk","timeElapsed":480,"timestamp":"2025-07-01T13:24:12.755Z"}
{"level":"info","message":"⌛ Validating niveles.wlk","timeElapsed":668,"timestamp":"2025-07-01T13:24:13.425Z"}
{"level":"info","message":"⌛ Validating niveles.wlk","timeElapsed":450,"timestamp":"2025-07-01T13:24:13.893Z"}
{"level":"info","message":"⌛ Validating niveles.wlk","timeElapsed":607,"timestamp":"2025-07-01T13:24:14.512Z"}
{"exitCode":"SIGHUP","level":"info","message":"👾 Game executed main.ArcaneBastion on c:\\Users\\estudiante\\FINAL4","timeElapsed":448406,"timestamp":"2025-07-01T13:24:14.958Z"}
